<?xml version="1.0" encoding="UTF-8"?>
<!-- Generated by org.testng.reporters.JUnitReportReporter -->
<testsuite skipped="0" hostname="DAMERP1-TL2" name="mavenforjenkins.UITest" tests="1" failures="0" timestamp="16 Jun 2021 11:04:12 GMT" time="29.733" errors="0">
  <testcase name="startBrowser" time="29.733" classname="mavenforjenkins.UITest"/>
</testsuite> <!-- mavenforjenkins.UITest -->
