<?xml version="1.0" encoding="UTF-8"?>
<!-- Generated by org.testng.reporters.JUnitReportReporter -->
<testsuite skipped="0" hostname="DAMERP1-TL2" name="mavenforjenkins.UITest" tests="1" failures="0" timestamp="17 Jun 2021 05:15:23 GMT" time="5.964" errors="0">
  <testcase name="startBrowser" time="5.964" classname="mavenforjenkins.UITest"/>
</testsuite> <!-- mavenforjenkins.UITest -->
